This file contains any messages produced by compilers while
running configure, to aid debugging if configure makes a mistake.

It was created by configure, which was
generated by GNU Autoconf 2.69.  Invocation command line was

  $ ./configure --prefix=/home/truong-d/CloudStation/work/openvtalk/build/crfsuite/installed --with-liblbfgs=/home/truong-d/CloudStation/work/openvtalk/build/liblbfgs-1.10/installed/

## --------- ##
## Platform. ##
## --------- ##

hostname = truongd-XPS13-9333
uname -m = x86_64
uname -r = 3.13.0-46-generic
uname -s = Linux
uname -v = #79-Ubuntu SMP Tue Mar 10 20:06:50 UTC 2015

/usr/bin/uname -p = unknown
/bin/uname -X     = unknown

/bin/arch              = unknown
/usr/bin/arch -k       = unknown
/usr/convex/getsysinfo = unknown
/usr/bin/hostinfo      = unknown
/bin/machine           = unknown
/usr/bin/oslevel       = unknown
/bin/universe          = unknown

PATH: /usr/local/sbin
PATH: /usr/local/bin
PATH: /usr/sbin
PATH: /usr/bin
PATH: /sbin
PATH: /bin
PATH: /home/truong-d/work/gradle-2.2.1/bin


## ----------- ##
## Core tests. ##
## ----------- ##

configure:2488: checking build system type
configure:2502: result: x86_64-unknown-linux-gnu
configure:2522: checking host system type
configure:2535: result: x86_64-unknown-linux-gnu
configure:2606: checking for gcc
configure:2622: found /usr/bin/gcc
configure:2633: result: gcc
configure:2862: checking for C compiler version
configure:2871: gcc --version >&5
gcc (Ubuntu/Linaro 4.7.3-12ubuntu1) 4.7.3
Copyright (C) 2012 Free Software Foundation, Inc.
This is free software; see the source for copying conditions.  There is NO
warranty; not even for MERCHANTABILITY or FITNESS FOR A PARTICULAR PURPOSE.

configure:2882: $? = 0
configure:2871: gcc -v >&5
Using built-in specs.
COLLECT_GCC=gcc
COLLECT_LTO_WRAPPER=/usr/lib/gcc/x86_64-linux-gnu/4.7/lto-wrapper
Target: x86_64-linux-gnu
Configured with: ../src/configure -v --with-pkgversion='Ubuntu/Linaro 4.7.3-12ubuntu1' --with-bugurl=file:///usr/share/doc/gcc-4.7/README.Bugs --enable-languages=c,c++,go,fortran,objc,obj-c++ --prefix=/usr --program-suffix=-4.7 --enable-shared --enable-linker-build-id --libexecdir=/usr/lib --without-included-gettext --enable-threads=posix --with-gxx-include-dir=/usr/include/c++/4.7 --libdir=/usr/lib --enable-nls --with-sysroot=/ --enable-clocale=gnu --enable-libstdcxx-debug --enable-gnu-unique-object --disable-libmudflap --enable-plugin --with-system-zlib --enable-objc-gc --with-cloog --enable-cloog-backend=ppl --disable-cloog-version-check --disable-ppl-version-check --enable-multiarch --disable-werror --with-arch-32=i686 --with-abi=m64 --with-multilib-list=m32,m64,mx32 --with-tune=generic --enable-checking=release --build=x86_64-linux-gnu --host=x86_64-linux-gnu --target=x86_64-linux-gnu
Thread model: posix
gcc version 4.7.3 (Ubuntu/Linaro 4.7.3-12ubuntu1) 
configure:2882: $? = 0
configure:2871: gcc -V >&5
gcc: error: unrecognized command line option '-V'
gcc: fatal error: no input files
compilation terminated.
configure:2882: $? = 4
configure:2871: gcc -qversion >&5
gcc: error: unrecognized command line option '-qversion'
gcc: fatal error: no input files
compilation terminated.
configure:2882: $? = 4
configure:2902: checking whether the C compiler works
configure:2924: gcc    conftest.c  >&5
configure:2928: $? = 0
configure:2976: result: yes
configure:2979: checking for C compiler default output file name
configure:2981: result: a.out
configure:2987: checking for suffix of executables
configure:2994: gcc -o conftest    conftest.c  >&5
configure:2998: $? = 0
configure:3020: result: 
configure:3042: checking whether we are cross compiling
configure:3050: gcc -o conftest    conftest.c  >&5
configure:3054: $? = 0
configure:3061: ./conftest
configure:3065: $? = 0
configure:3080: result: no
configure:3085: checking for suffix of object files
configure:3107: gcc -c   conftest.c >&5
configure:3111: $? = 0
configure:3132: result: o
configure:3136: checking whether we are using the GNU C compiler
configure:3155: gcc -c   conftest.c >&5
configure:3155: $? = 0
configure:3164: result: yes
configure:3173: checking whether gcc accepts -g
configure:3193: gcc -c -g  conftest.c >&5
configure:3193: $? = 0
configure:3234: result: yes
configure:3251: checking for gcc option to accept ISO C89
configure:3314: gcc  -c -g -O2  conftest.c >&5
configure:3314: $? = 0
configure:3327: result: none needed
configure:3352: checking whether gcc understands -c and -o together
configure:3374: gcc -c conftest.c -o conftest2.o
configure:3377: $? = 0
configure:3374: gcc -c conftest.c -o conftest2.o
configure:3377: $? = 0
configure:3389: result: yes
configure:3412: checking how to run the C preprocessor
configure:3443: gcc -E  conftest.c
configure:3443: $? = 0
configure:3457: gcc -E  conftest.c
conftest.c:9:28: fatal error: ac_nonexistent.h: No such file or directory
compilation terminated.
configure:3457: $? = 1
configure: failed program was:
| /* confdefs.h */
| #define PACKAGE_NAME ""
| #define PACKAGE_TARNAME ""
| #define PACKAGE_VERSION ""
| #define PACKAGE_STRING ""
| #define PACKAGE_BUGREPORT ""
| #define PACKAGE_URL ""
| /* end confdefs.h.  */
| #include <ac_nonexistent.h>
configure:3482: result: gcc -E
configure:3502: gcc -E  conftest.c
configure:3502: $? = 0
configure:3516: gcc -E  conftest.c
conftest.c:9:28: fatal error: ac_nonexistent.h: No such file or directory
compilation terminated.
configure:3516: $? = 1
configure: failed program was:
| /* confdefs.h */
| #define PACKAGE_NAME ""
| #define PACKAGE_TARNAME ""
| #define PACKAGE_VERSION ""
| #define PACKAGE_STRING ""
| #define PACKAGE_BUGREPORT ""
| #define PACKAGE_URL ""
| /* end confdefs.h.  */
| #include <ac_nonexistent.h>
configure:3545: checking for grep that handles long lines and -e
configure:3603: result: /bin/grep
configure:3608: checking for egrep
configure:3670: result: /bin/grep -E
configure:3675: checking for ANSI C header files
configure:3695: gcc -c -g -O2  conftest.c >&5
configure:3695: $? = 0
configure:3768: gcc -o conftest -g -O2   conftest.c  >&5
configure:3768: $? = 0
configure:3768: ./conftest
configure:3768: $? = 0
configure:3779: result: yes
configure:3792: checking for sys/types.h
configure:3792: gcc -c -g -O2  conftest.c >&5
configure:3792: $? = 0
configure:3792: result: yes
configure:3792: checking for sys/stat.h
configure:3792: gcc -c -g -O2  conftest.c >&5
configure:3792: $? = 0
configure:3792: result: yes
configure:3792: checking for stdlib.h
configure:3792: gcc -c -g -O2  conftest.c >&5
configure:3792: $? = 0
configure:3792: result: yes
configure:3792: checking for string.h
configure:3792: gcc -c -g -O2  conftest.c >&5
configure:3792: $? = 0
configure:3792: result: yes
configure:3792: checking for memory.h
configure:3792: gcc -c -g -O2  conftest.c >&5
configure:3792: $? = 0
configure:3792: result: yes
configure:3792: checking for strings.h
configure:3792: gcc -c -g -O2  conftest.c >&5
configure:3792: $? = 0
configure:3792: result: yes
configure:3792: checking for inttypes.h
configure:3792: gcc -c -g -O2  conftest.c >&5
configure:3792: $? = 0
configure:3792: result: yes
configure:3792: checking for stdint.h
configure:3792: gcc -c -g -O2  conftest.c >&5
configure:3792: $? = 0
configure:3792: result: yes
configure:3792: checking for unistd.h
configure:3792: gcc -c -g -O2  conftest.c >&5
configure:3792: $? = 0
configure:3792: result: yes
configure:3805: checking minix/config.h usability
configure:3805: gcc -c -g -O2  conftest.c >&5
conftest.c:52:26: fatal error: minix/config.h: No such file or directory
compilation terminated.
configure:3805: $? = 1
configure: failed program was:
| /* confdefs.h */
| #define PACKAGE_NAME ""
| #define PACKAGE_TARNAME ""
| #define PACKAGE_VERSION ""
| #define PACKAGE_STRING ""
| #define PACKAGE_BUGREPORT ""
| #define PACKAGE_URL ""
| #define STDC_HEADERS 1
| #define HAVE_SYS_TYPES_H 1
| #define HAVE_SYS_STAT_H 1
| #define HAVE_STDLIB_H 1
| #define HAVE_STRING_H 1
| #define HAVE_MEMORY_H 1
| #define HAVE_STRINGS_H 1
| #define HAVE_INTTYPES_H 1
| #define HAVE_STDINT_H 1
| #define HAVE_UNISTD_H 1
| /* end confdefs.h.  */
| #include <stdio.h>
| #ifdef HAVE_SYS_TYPES_H
| # include <sys/types.h>
| #endif
| #ifdef HAVE_SYS_STAT_H
| # include <sys/stat.h>
| #endif
| #ifdef STDC_HEADERS
| # include <stdlib.h>
| # include <stddef.h>
| #else
| # ifdef HAVE_STDLIB_H
| #  include <stdlib.h>
| # endif
| #endif
| #ifdef HAVE_STRING_H
| # if !defined STDC_HEADERS && defined HAVE_MEMORY_H
| #  include <memory.h>
| # endif
| # include <string.h>
| #endif
| #ifdef HAVE_STRINGS_H
| # include <strings.h>
| #endif
| #ifdef HAVE_INTTYPES_H
| # include <inttypes.h>
| #endif
| #ifdef HAVE_STDINT_H
| # include <stdint.h>
| #endif
| #ifdef HAVE_UNISTD_H
| # include <unistd.h>
| #endif
| #include <minix/config.h>
configure:3805: result: no
configure:3805: checking minix/config.h presence
configure:3805: gcc -E  conftest.c
conftest.c:19:26: fatal error: minix/config.h: No such file or directory
compilation terminated.
configure:3805: $? = 1
configure: failed program was:
| /* confdefs.h */
| #define PACKAGE_NAME ""
| #define PACKAGE_TARNAME ""
| #define PACKAGE_VERSION ""
| #define PACKAGE_STRING ""
| #define PACKAGE_BUGREPORT ""
| #define PACKAGE_URL ""
| #define STDC_HEADERS 1
| #define HAVE_SYS_TYPES_H 1
| #define HAVE_SYS_STAT_H 1
| #define HAVE_STDLIB_H 1
| #define HAVE_STRING_H 1
| #define HAVE_MEMORY_H 1
| #define HAVE_STRINGS_H 1
| #define HAVE_INTTYPES_H 1
| #define HAVE_STDINT_H 1
| #define HAVE_UNISTD_H 1
| /* end confdefs.h.  */
| #include <minix/config.h>
configure:3805: result: no
configure:3805: checking for minix/config.h
configure:3805: result: no
configure:3826: checking whether it is safe to define __EXTENSIONS__
configure:3844: gcc -c -g -O2  conftest.c >&5
configure:3844: $? = 0
configure:3851: result: yes
configure:3867: checking for library containing strerror
configure:3898: gcc -o conftest -g -O2   conftest.c  >&5
configure:3898: $? = 0
configure:3915: result: none required
configure:3941: checking for a BSD-compatible install
configure:4009: result: /usr/bin/install -c
configure:4020: checking whether build environment is sane
configure:4075: result: yes
configure:4223: checking for a thread-safe mkdir -p
configure:4262: result: /bin/mkdir -p
configure:4269: checking for gawk
configure:4285: found /usr/bin/gawk
configure:4296: result: gawk
configure:4307: checking whether make sets $(MAKE)
configure:4329: result: yes
configure:4359: checking for style of include used by make
configure:4387: result: GNU
configure:4421: checking whether make supports nested variables
configure:4438: result: yes
configure:4524: checking dependency style of gcc
configure:4635: result: gcc3
configure:4695: checking whether to enable maintainer-specific portions of Makefiles
configure:4704: result: no
configure:4766: checking how to print strings
configure:4793: result: printf
configure:4814: checking for a sed that does not truncate output
configure:4878: result: /bin/sed
configure:4896: checking for fgrep
configure:4958: result: /bin/grep -F
configure:4993: checking for ld used by gcc
configure:5060: result: /usr/bin/ld
configure:5067: checking if the linker (/usr/bin/ld) is GNU ld
configure:5082: result: yes
configure:5094: checking for BSD- or MS-compatible name lister (nm)
configure:5143: result: /usr/bin/nm -B
configure:5273: checking the name lister (/usr/bin/nm -B) interface
configure:5280: gcc -c -g -O2  conftest.c >&5
configure:5283: /usr/bin/nm -B "conftest.o"
configure:5286: output
0000000000000000 B some_variable
configure:5293: result: BSD nm
configure:5296: checking whether ln -s works
configure:5300: result: yes
configure:5308: checking the maximum length of command line arguments
configure:5439: result: 1572864
configure:5456: checking whether the shell understands some XSI constructs
configure:5466: result: yes
configure:5470: checking whether the shell understands "+="
configure:5476: result: yes
configure:5511: checking how to convert x86_64-unknown-linux-gnu file names to x86_64-unknown-linux-gnu format
configure:5551: result: func_convert_file_noop
configure:5558: checking how to convert x86_64-unknown-linux-gnu file names to toolchain format
configure:5578: result: func_convert_file_noop
configure:5585: checking for /usr/bin/ld option to reload object files
configure:5592: result: -r
configure:5666: checking for objdump
configure:5682: found /usr/bin/objdump
configure:5693: result: objdump
configure:5725: checking how to recognize dependent libraries
configure:5923: result: pass_all
configure:6008: checking for dlltool
configure:6038: result: no
configure:6068: checking how to associate runtime and link libraries
configure:6095: result: printf %s\n
configure:6155: checking for ar
configure:6171: found /usr/bin/ar
configure:6182: result: ar
configure:6219: checking for archiver @FILE support
configure:6236: gcc -c -g -O2  conftest.c >&5
configure:6236: $? = 0
configure:6239: ar cru libconftest.a @conftest.lst >&5
configure:6242: $? = 0
configure:6247: ar cru libconftest.a @conftest.lst >&5
ar: conftest.o: No such file or directory
configure:6250: $? = 1
configure:6262: result: @
configure:6320: checking for strip
configure:6336: found /usr/bin/strip
configure:6347: result: strip
configure:6419: checking for ranlib
configure:6435: found /usr/bin/ranlib
configure:6446: result: ranlib
configure:6548: checking command to parse /usr/bin/nm -B output from gcc object
configure:6668: gcc -c -g -O2  conftest.c >&5
configure:6671: $? = 0
configure:6675: /usr/bin/nm -B conftest.o \| sed -n -e 's/^.*[ ]\([ABCDGIRSTW][ABCDGIRSTW]*\)[ ][ ]*\([_A-Za-z][_A-Za-z0-9]*\)$/\1 \2 \2/p' | sed '/ __gnu_lto/d' \> conftest.nm
configure:6678: $? = 0
configure:6744: gcc -o conftest -g -O2   conftest.c conftstm.o >&5
configure:6747: $? = 0
configure:6785: result: ok
configure:6822: checking for sysroot
configure:6852: result: no
configure:6929: gcc -c -g -O2  conftest.c >&5
configure:6932: $? = 0
configure:7121: checking for mt
configure:7137: found /bin/mt
configure:7148: result: mt
configure:7171: checking if mt is a manifest tool
configure:7177: mt '-?'
configure:7185: result: no
configure:7824: checking for dlfcn.h
configure:7824: gcc -c -g -O2  conftest.c >&5
configure:7824: $? = 0
configure:7824: result: yes
configure:8030: checking for objdir
configure:8045: result: .libs
configure:8316: checking if gcc supports -fno-rtti -fno-exceptions
configure:8334: gcc -c -g -O2  -fno-rtti -fno-exceptions conftest.c >&5
cc1: warning: command line option '-fno-rtti' is valid for C++/ObjC++ but not for C [enabled by default]
configure:8338: $? = 0
configure:8351: result: no
configure:8678: checking for gcc option to produce PIC
configure:8685: result: -fPIC -DPIC
configure:8693: checking if gcc PIC flag -fPIC -DPIC works
configure:8711: gcc -c -g -O2  -fPIC -DPIC -DPIC conftest.c >&5
configure:8715: $? = 0
configure:8728: result: yes
configure:8757: checking if gcc static flag -static works
configure:8785: result: yes
configure:8800: checking if gcc supports -c -o file.o
configure:8821: gcc -c -g -O2  -o out/conftest2.o conftest.c >&5
configure:8825: $? = 0
configure:8847: result: yes
configure:8855: checking if gcc supports -c -o file.o
configure:8902: result: yes
configure:8935: checking whether the gcc linker (/usr/bin/ld -m elf_x86_64) supports shared libraries
configure:10092: result: yes
configure:10129: checking whether -lc should be explicitly linked in
configure:10137: gcc -c -g -O2  conftest.c >&5
configure:10140: $? = 0
configure:10155: gcc -shared  -fPIC -DPIC conftest.o  -v -Wl,-soname -Wl,conftest -o conftest 2\>\&1 \| /bin/grep  -lc  \>/dev/null 2\>\&1
configure:10158: $? = 0
configure:10172: result: no
configure:10332: checking dynamic linker characteristics
configure:10832: gcc -o conftest -g -O2   -Wl,-rpath -Wl,/foo conftest.c  >&5
configure:10832: $? = 0
configure:11066: result: GNU/Linux ld.so
configure:11173: checking how to hardcode library paths into programs
configure:11198: result: immediate
configure:11738: checking whether stripping libraries is possible
configure:11743: result: yes
configure:11778: checking if libtool supports shared libraries
configure:11780: result: yes
configure:11783: checking whether to build shared libraries
configure:11804: result: yes
configure:11807: checking whether to build static libraries
configure:11811: result: yes
configure:11849: checking whether ln -s works
configure:11853: result: yes
configure:11867: checking for ANSI C header files
configure:11971: result: yes
configure:11982: checking fcntl.h usability
configure:11982: gcc -c -std=c99   conftest.c >&5
configure:11982: $? = 0
configure:11982: result: yes
configure:11982: checking fcntl.h presence
configure:11982: gcc -E  conftest.c
configure:11982: $? = 0
configure:11982: result: yes
configure:11982: checking for fcntl.h
configure:11982: result: yes
configure:11982: checking limits.h usability
configure:11982: gcc -c -std=c99   conftest.c >&5
configure:11982: $? = 0
configure:11982: result: yes
configure:11982: checking limits.h presence
configure:11982: gcc -E  conftest.c
configure:11982: $? = 0
configure:11982: result: yes
configure:11982: checking for limits.h
configure:11982: result: yes
configure:11982: checking malloc.h usability
configure:11982: gcc -c -std=c99   conftest.c >&5
configure:11982: $? = 0
configure:11982: result: yes
configure:11982: checking malloc.h presence
configure:11982: gcc -E  conftest.c
configure:11982: $? = 0
configure:11982: result: yes
configure:11982: checking for malloc.h
configure:11982: result: yes
configure:11982: checking for strings.h
configure:11982: result: yes
configure:11982: checking for unistd.h
configure:11982: result: yes
configure:11982: checking for stdint.h
configure:11982: result: yes
configure:11994: checking for an ANSI C-conforming const
configure:12060: gcc -c -std=c99   conftest.c >&5
configure:12060: $? = 0
configure:12067: result: yes
configure:12079: checking size of 
configure:12084: gcc -o conftest -std=c99    conftest.c  >&5
conftest.c: In function 'longval':
conftest.c:68:57: error: expected expression before ')' token
conftest.c: In function 'ulongval':
conftest.c:69:67: error: expected expression before ')' token
conftest.c: In function 'main':
conftest.c:79:28: error: expected expression before ')' token
conftest.c:82:37: error: expected expression before ')' token
conftest.c:89:37: error: expected expression before ')' token
configure:12084: $? = 1
configure: program exited with status 1
configure: failed program was:
| /* confdefs.h */
| #define PACKAGE_NAME ""
| #define PACKAGE_TARNAME ""
| #define PACKAGE_VERSION ""
| #define PACKAGE_STRING ""
| #define PACKAGE_BUGREPORT ""
| #define PACKAGE_URL ""
| #define STDC_HEADERS 1
| #define HAVE_SYS_TYPES_H 1
| #define HAVE_SYS_STAT_H 1
| #define HAVE_STDLIB_H 1
| #define HAVE_STRING_H 1
| #define HAVE_MEMORY_H 1
| #define HAVE_STRINGS_H 1
| #define HAVE_INTTYPES_H 1
| #define HAVE_STDINT_H 1
| #define HAVE_UNISTD_H 1
| #define __EXTENSIONS__ 1
| #define _ALL_SOURCE 1
| #define _GNU_SOURCE 1
| #define _POSIX_PTHREAD_SEMANTICS 1
| #define _TANDEM_SOURCE 1
| #define PACKAGE "crfsuite"
| #define VERSION "0.12"
| #define HAVE_DLFCN_H 1
| #define LT_OBJDIR ".libs/"
| #define STDC_HEADERS 1
| #define HAVE_FCNTL_H 1
| #define HAVE_LIMITS_H 1
| #define HAVE_MALLOC_H 1
| #define HAVE_STRINGS_H 1
| #define HAVE_UNISTD_H 1
| #define HAVE_STDINT_H 1
| /* end confdefs.h.  */
| #include <stdio.h>
| #ifdef HAVE_SYS_TYPES_H
| # include <sys/types.h>
| #endif
| #ifdef HAVE_SYS_STAT_H
| # include <sys/stat.h>
| #endif
| #ifdef STDC_HEADERS
| # include <stdlib.h>
| # include <stddef.h>
| #else
| # ifdef HAVE_STDLIB_H
| #  include <stdlib.h>
| # endif
| #endif
| #ifdef HAVE_STRING_H
| # if !defined STDC_HEADERS && defined HAVE_MEMORY_H
| #  include <memory.h>
| # endif
| # include <string.h>
| #endif
| #ifdef HAVE_STRINGS_H
| # include <strings.h>
| #endif
| #ifdef HAVE_INTTYPES_H
| # include <inttypes.h>
| #endif
| #ifdef HAVE_STDINT_H
| # include <stdint.h>
| #endif
| #ifdef HAVE_UNISTD_H
| # include <unistd.h>
| #endif
| static long int longval () { return (long int) (sizeof ()); }
| static unsigned long int ulongval () { return (long int) (sizeof ()); }
| #include <stdio.h>
| #include <stdlib.h>
| int
| main ()
| {
| 
|   FILE *f = fopen ("conftest.val", "w");
|   if (! f)
|     return 1;
|   if (((long int) (sizeof ())) < 0)
|     {
|       long int i = longval ();
|       if (i != ((long int) (sizeof ())))
| 	return 1;
|       fprintf (f, "%ld", i);
|     }
|   else
|     {
|       unsigned long int i = ulongval ();
|       if (i != ((long int) (sizeof ())))
| 	return 1;
|       fprintf (f, "%lu", i);
|     }
|   /* Do not output a trailing newline, as this causes \r\n confusion
|      on some platforms.  */
|   return ferror (f) || fclose (f) != 0;
| 
|   ;
|   return 0;
| }
configure:12098: result: 0
configure:12108: checking for size_t
configure:12108: gcc -c -std=c99   conftest.c >&5
configure:12108: $? = 0
configure:12108: gcc -c -std=c99   conftest.c >&5
conftest.c: In function 'main':
conftest.c:72:21: error: expected expression before ')' token
configure:12108: $? = 1
configure: failed program was:
| /* confdefs.h */
| #define PACKAGE_NAME ""
| #define PACKAGE_TARNAME ""
| #define PACKAGE_VERSION ""
| #define PACKAGE_STRING ""
| #define PACKAGE_BUGREPORT ""
| #define PACKAGE_URL ""
| #define STDC_HEADERS 1
| #define HAVE_SYS_TYPES_H 1
| #define HAVE_SYS_STAT_H 1
| #define HAVE_STDLIB_H 1
| #define HAVE_STRING_H 1
| #define HAVE_MEMORY_H 1
| #define HAVE_STRINGS_H 1
| #define HAVE_INTTYPES_H 1
| #define HAVE_STDINT_H 1
| #define HAVE_UNISTD_H 1
| #define __EXTENSIONS__ 1
| #define _ALL_SOURCE 1
| #define _GNU_SOURCE 1
| #define _POSIX_PTHREAD_SEMANTICS 1
| #define _TANDEM_SOURCE 1
| #define PACKAGE "crfsuite"
| #define VERSION "0.12"
| #define HAVE_DLFCN_H 1
| #define LT_OBJDIR ".libs/"
| #define STDC_HEADERS 1
| #define HAVE_FCNTL_H 1
| #define HAVE_LIMITS_H 1
| #define HAVE_MALLOC_H 1
| #define HAVE_STRINGS_H 1
| #define HAVE_UNISTD_H 1
| #define HAVE_STDINT_H 1
| #define SIZEOF_ 0
| /* end confdefs.h.  */
| #include <stdio.h>
| #ifdef HAVE_SYS_TYPES_H
| # include <sys/types.h>
| #endif
| #ifdef HAVE_SYS_STAT_H
| # include <sys/stat.h>
| #endif
| #ifdef STDC_HEADERS
| # include <stdlib.h>
| # include <stddef.h>
| #else
| # ifdef HAVE_STDLIB_H
| #  include <stdlib.h>
| # endif
| #endif
| #ifdef HAVE_STRING_H
| # if !defined STDC_HEADERS && defined HAVE_MEMORY_H
| #  include <memory.h>
| # endif
| # include <string.h>
| #endif
| #ifdef HAVE_STRINGS_H
| # include <strings.h>
| #endif
| #ifdef HAVE_INTTYPES_H
| # include <inttypes.h>
| #endif
| #ifdef HAVE_STDINT_H
| # include <stdint.h>
| #endif
| #ifdef HAVE_UNISTD_H
| # include <unistd.h>
| #endif
| int
| main ()
| {
| if (sizeof ((size_t)))
| 	    return 0;
|   ;
|   return 0;
| }
configure:12108: result: yes
configure:12119: checking whether struct tm is in sys/time.h or time.h
configure:12139: gcc -c -std=c99   conftest.c >&5
configure:12139: $? = 0
configure:12146: result: time.h
configure:12158: checking size of short
configure:12163: gcc -o conftest -std=c99    conftest.c  >&5
configure:12163: $? = 0
configure:12163: ./conftest
configure:12163: $? = 0
configure:12177: result: 2
configure:12191: checking size of unsigned short
configure:12196: gcc -o conftest -std=c99    conftest.c  >&5
configure:12196: $? = 0
configure:12196: ./conftest
configure:12196: $? = 0
configure:12210: result: 2
configure:12224: checking size of int
configure:12229: gcc -o conftest -std=c99    conftest.c  >&5
configure:12229: $? = 0
configure:12229: ./conftest
configure:12229: $? = 0
configure:12243: result: 4
configure:12257: checking size of unsigned int
configure:12262: gcc -o conftest -std=c99    conftest.c  >&5
configure:12262: $? = 0
configure:12262: ./conftest
configure:12262: $? = 0
configure:12276: result: 4
configure:12290: checking size of long
configure:12295: gcc -o conftest -std=c99    conftest.c  >&5
configure:12295: $? = 0
configure:12295: ./conftest
configure:12295: $? = 0
configure:12309: result: 8
configure:12323: checking size of unsigned long
configure:12328: gcc -o conftest -std=c99    conftest.c  >&5
configure:12328: $? = 0
configure:12328: ./conftest
configure:12328: $? = 0
configure:12342: result: 8
configure:12353: checking for uint8_t
configure:12353: gcc -c -std=c99   conftest.c >&5
configure:12353: $? = 0
configure:12353: gcc -c -std=c99   conftest.c >&5
conftest.c: In function 'main':
conftest.c:78:22: error: expected expression before ')' token
configure:12353: $? = 1
configure: failed program was:
| /* confdefs.h */
| #define PACKAGE_NAME ""
| #define PACKAGE_TARNAME ""
| #define PACKAGE_VERSION ""
| #define PACKAGE_STRING ""
| #define PACKAGE_BUGREPORT ""
| #define PACKAGE_URL ""
| #define STDC_HEADERS 1
| #define HAVE_SYS_TYPES_H 1
| #define HAVE_SYS_STAT_H 1
| #define HAVE_STDLIB_H 1
| #define HAVE_STRING_H 1
| #define HAVE_MEMORY_H 1
| #define HAVE_STRINGS_H 1
| #define HAVE_INTTYPES_H 1
| #define HAVE_STDINT_H 1
| #define HAVE_UNISTD_H 1
| #define __EXTENSIONS__ 1
| #define _ALL_SOURCE 1
| #define _GNU_SOURCE 1
| #define _POSIX_PTHREAD_SEMANTICS 1
| #define _TANDEM_SOURCE 1
| #define PACKAGE "crfsuite"
| #define VERSION "0.12"
| #define HAVE_DLFCN_H 1
| #define LT_OBJDIR ".libs/"
| #define STDC_HEADERS 1
| #define HAVE_FCNTL_H 1
| #define HAVE_LIMITS_H 1
| #define HAVE_MALLOC_H 1
| #define HAVE_STRINGS_H 1
| #define HAVE_UNISTD_H 1
| #define HAVE_STDINT_H 1
| #define SIZEOF_ 0
| #define SIZEOF_SHORT 2
| #define SIZEOF_UNSIGNED_SHORT 2
| #define SIZEOF_INT 4
| #define SIZEOF_UNSIGNED_INT 4
| #define SIZEOF_LONG 8
| #define SIZEOF_UNSIGNED_LONG 8
| /* end confdefs.h.  */
| #include <stdio.h>
| #ifdef HAVE_SYS_TYPES_H
| # include <sys/types.h>
| #endif
| #ifdef HAVE_SYS_STAT_H
| # include <sys/stat.h>
| #endif
| #ifdef STDC_HEADERS
| # include <stdlib.h>
| # include <stddef.h>
| #else
| # ifdef HAVE_STDLIB_H
| #  include <stdlib.h>
| # endif
| #endif
| #ifdef HAVE_STRING_H
| # if !defined STDC_HEADERS && defined HAVE_MEMORY_H
| #  include <memory.h>
| # endif
| # include <string.h>
| #endif
| #ifdef HAVE_STRINGS_H
| # include <strings.h>
| #endif
| #ifdef HAVE_INTTYPES_H
| # include <inttypes.h>
| #endif
| #ifdef HAVE_STDINT_H
| # include <stdint.h>
| #endif
| #ifdef HAVE_UNISTD_H
| # include <unistd.h>
| #endif
| int
| main ()
| {
| if (sizeof ((uint8_t)))
| 	    return 0;
|   ;
|   return 0;
| }
configure:12353: result: yes
configure:12362: checking for uint16_t
configure:12362: gcc -c -std=c99   conftest.c >&5
configure:12362: $? = 0
configure:12362: gcc -c -std=c99   conftest.c >&5
conftest.c: In function 'main':
conftest.c:79:23: error: expected expression before ')' token
configure:12362: $? = 1
configure: failed program was:
| /* confdefs.h */
| #define PACKAGE_NAME ""
| #define PACKAGE_TARNAME ""
| #define PACKAGE_VERSION ""
| #define PACKAGE_STRING ""
| #define PACKAGE_BUGREPORT ""
| #define PACKAGE_URL ""
| #define STDC_HEADERS 1
| #define HAVE_SYS_TYPES_H 1
| #define HAVE_SYS_STAT_H 1
| #define HAVE_STDLIB_H 1
| #define HAVE_STRING_H 1
| #define HAVE_MEMORY_H 1
| #define HAVE_STRINGS_H 1
| #define HAVE_INTTYPES_H 1
| #define HAVE_STDINT_H 1
| #define HAVE_UNISTD_H 1
| #define __EXTENSIONS__ 1
| #define _ALL_SOURCE 1
| #define _GNU_SOURCE 1
| #define _POSIX_PTHREAD_SEMANTICS 1
| #define _TANDEM_SOURCE 1
| #define PACKAGE "crfsuite"
| #define VERSION "0.12"
| #define HAVE_DLFCN_H 1
| #define LT_OBJDIR ".libs/"
| #define STDC_HEADERS 1
| #define HAVE_FCNTL_H 1
| #define HAVE_LIMITS_H 1
| #define HAVE_MALLOC_H 1
| #define HAVE_STRINGS_H 1
| #define HAVE_UNISTD_H 1
| #define HAVE_STDINT_H 1
| #define SIZEOF_ 0
| #define SIZEOF_SHORT 2
| #define SIZEOF_UNSIGNED_SHORT 2
| #define SIZEOF_INT 4
| #define SIZEOF_UNSIGNED_INT 4
| #define SIZEOF_LONG 8
| #define SIZEOF_UNSIGNED_LONG 8
| #define HAVE_UINT8_T 1
| /* end confdefs.h.  */
| #include <stdio.h>
| #ifdef HAVE_SYS_TYPES_H
| # include <sys/types.h>
| #endif
| #ifdef HAVE_SYS_STAT_H
| # include <sys/stat.h>
| #endif
| #ifdef STDC_HEADERS
| # include <stdlib.h>
| # include <stddef.h>
| #else
| # ifdef HAVE_STDLIB_H
| #  include <stdlib.h>
| # endif
| #endif
| #ifdef HAVE_STRING_H
| # if !defined STDC_HEADERS && defined HAVE_MEMORY_H
| #  include <memory.h>
| # endif
| # include <string.h>
| #endif
| #ifdef HAVE_STRINGS_H
| # include <strings.h>
| #endif
| #ifdef HAVE_INTTYPES_H
| # include <inttypes.h>
| #endif
| #ifdef HAVE_STDINT_H
| # include <stdint.h>
| #endif
| #ifdef HAVE_UNISTD_H
| # include <unistd.h>
| #endif
| int
| main ()
| {
| if (sizeof ((uint16_t)))
| 	    return 0;
|   ;
|   return 0;
| }
configure:12362: result: yes
configure:12371: checking for uint32_t
configure:12371: gcc -c -std=c99   conftest.c >&5
configure:12371: $? = 0
configure:12371: gcc -c -std=c99   conftest.c >&5
conftest.c: In function 'main':
conftest.c:80:23: error: expected expression before ')' token
configure:12371: $? = 1
configure: failed program was:
| /* confdefs.h */
| #define PACKAGE_NAME ""
| #define PACKAGE_TARNAME ""
| #define PACKAGE_VERSION ""
| #define PACKAGE_STRING ""
| #define PACKAGE_BUGREPORT ""
| #define PACKAGE_URL ""
| #define STDC_HEADERS 1
| #define HAVE_SYS_TYPES_H 1
| #define HAVE_SYS_STAT_H 1
| #define HAVE_STDLIB_H 1
| #define HAVE_STRING_H 1
| #define HAVE_MEMORY_H 1
| #define HAVE_STRINGS_H 1
| #define HAVE_INTTYPES_H 1
| #define HAVE_STDINT_H 1
| #define HAVE_UNISTD_H 1
| #define __EXTENSIONS__ 1
| #define _ALL_SOURCE 1
| #define _GNU_SOURCE 1
| #define _POSIX_PTHREAD_SEMANTICS 1
| #define _TANDEM_SOURCE 1
| #define PACKAGE "crfsuite"
| #define VERSION "0.12"
| #define HAVE_DLFCN_H 1
| #define LT_OBJDIR ".libs/"
| #define STDC_HEADERS 1
| #define HAVE_FCNTL_H 1
| #define HAVE_LIMITS_H 1
| #define HAVE_MALLOC_H 1
| #define HAVE_STRINGS_H 1
| #define HAVE_UNISTD_H 1
| #define HAVE_STDINT_H 1
| #define SIZEOF_ 0
| #define SIZEOF_SHORT 2
| #define SIZEOF_UNSIGNED_SHORT 2
| #define SIZEOF_INT 4
| #define SIZEOF_UNSIGNED_INT 4
| #define SIZEOF_LONG 8
| #define SIZEOF_UNSIGNED_LONG 8
| #define HAVE_UINT8_T 1
| #define HAVE_UINT16_T 1
| /* end confdefs.h.  */
| #include <stdio.h>
| #ifdef HAVE_SYS_TYPES_H
| # include <sys/types.h>
| #endif
| #ifdef HAVE_SYS_STAT_H
| # include <sys/stat.h>
| #endif
| #ifdef STDC_HEADERS
| # include <stdlib.h>
| # include <stddef.h>
| #else
| # ifdef HAVE_STDLIB_H
| #  include <stdlib.h>
| # endif
| #endif
| #ifdef HAVE_STRING_H
| # if !defined STDC_HEADERS && defined HAVE_MEMORY_H
| #  include <memory.h>
| # endif
| # include <string.h>
| #endif
| #ifdef HAVE_STRINGS_H
| # include <strings.h>
| #endif
| #ifdef HAVE_INTTYPES_H
| # include <inttypes.h>
| #endif
| #ifdef HAVE_STDINT_H
| # include <stdint.h>
| #endif
| #ifdef HAVE_UNISTD_H
| # include <unistd.h>
| #endif
| int
| main ()
| {
| if (sizeof ((uint32_t)))
| 	    return 0;
|   ;
|   return 0;
| }
configure:12371: result: yes
configure:12420: checking for working alloca.h
configure:12437: gcc -o conftest -mfpmath=sse -msse2 -DUSE_SSE -O3 -fomit-frame-pointer -ffast-math -Winline -std=c99    conftest.c  >&5
configure:12437: $? = 0
configure:12445: result: yes
configure:12453: checking for alloca
configure:12490: gcc -o conftest -mfpmath=sse -msse2 -DUSE_SSE -O3 -fomit-frame-pointer -ffast-math -Winline -std=c99    conftest.c  >&5
configure:12490: $? = 0
configure:12498: result: yes
configure:12604: checking for working memcmp
configure:12647: gcc -o conftest -mfpmath=sse -msse2 -DUSE_SSE -O3 -fomit-frame-pointer -ffast-math -Winline -std=c99    conftest.c  >&5
configure:12647: $? = 0
configure:12647: ./conftest
configure:12647: $? = 0
configure:12657: result: yes
configure:12668: checking for vprintf
configure:12668: gcc -o conftest -mfpmath=sse -msse2 -DUSE_SSE -O3 -fomit-frame-pointer -ffast-math -Winline -std=c99    conftest.c  >&5
conftest.c:70:6: warning: conflicting types for built-in function 'vprintf' [enabled by default]
configure:12668: $? = 0
configure:12668: result: yes
configure:12674: checking for _doprnt
configure:12674: gcc -o conftest -mfpmath=sse -msse2 -DUSE_SSE -O3 -fomit-frame-pointer -ffast-math -Winline -std=c99    conftest.c  >&5
/tmp/ccAvXM6p.o: In function `main':
conftest.c:(.text.startup+0x7): undefined reference to `_doprnt'
collect2: error: ld returned 1 exit status
configure:12674: $? = 1
configure: failed program was:
| /* confdefs.h */
| #define PACKAGE_NAME ""
| #define PACKAGE_TARNAME ""
| #define PACKAGE_VERSION ""
| #define PACKAGE_STRING ""
| #define PACKAGE_BUGREPORT ""
| #define PACKAGE_URL ""
| #define STDC_HEADERS 1
| #define HAVE_SYS_TYPES_H 1
| #define HAVE_SYS_STAT_H 1
| #define HAVE_STDLIB_H 1
| #define HAVE_STRING_H 1
| #define HAVE_MEMORY_H 1
| #define HAVE_STRINGS_H 1
| #define HAVE_INTTYPES_H 1
| #define HAVE_STDINT_H 1
| #define HAVE_UNISTD_H 1
| #define __EXTENSIONS__ 1
| #define _ALL_SOURCE 1
| #define _GNU_SOURCE 1
| #define _POSIX_PTHREAD_SEMANTICS 1
| #define _TANDEM_SOURCE 1
| #define PACKAGE "crfsuite"
| #define VERSION "0.12"
| #define HAVE_DLFCN_H 1
| #define LT_OBJDIR ".libs/"
| #define STDC_HEADERS 1
| #define HAVE_FCNTL_H 1
| #define HAVE_LIMITS_H 1
| #define HAVE_MALLOC_H 1
| #define HAVE_STRINGS_H 1
| #define HAVE_UNISTD_H 1
| #define HAVE_STDINT_H 1
| #define SIZEOF_ 0
| #define SIZEOF_SHORT 2
| #define SIZEOF_UNSIGNED_SHORT 2
| #define SIZEOF_INT 4
| #define SIZEOF_UNSIGNED_INT 4
| #define SIZEOF_LONG 8
| #define SIZEOF_UNSIGNED_LONG 8
| #define HAVE_UINT8_T 1
| #define HAVE_UINT16_T 1
| #define HAVE_UINT32_T 1
| #define HAVE_ALLOCA_H 1
| #define HAVE_ALLOCA 1
| #define HAVE_VPRINTF 1
| /* end confdefs.h.  */
| /* Define _doprnt to an innocuous variant, in case <limits.h> declares _doprnt.
|    For example, HP-UX 11i <limits.h> declares gettimeofday.  */
| #define _doprnt innocuous__doprnt
| 
| /* System header to define __stub macros and hopefully few prototypes,
|     which can conflict with char _doprnt (); below.
|     Prefer <limits.h> to <assert.h> if __STDC__ is defined, since
|     <limits.h> exists even on freestanding compilers.  */
| 
| #ifdef __STDC__
| # include <limits.h>
| #else
| # include <assert.h>
| #endif
| 
| #undef _doprnt
| 
| /* Override any GCC internal prototype to avoid an error.
|    Use char because int might match the return type of a GCC
|    builtin and then its argument prototype would still apply.  */
| #ifdef __cplusplus
| extern "C"
| #endif
| char _doprnt ();
| /* The GNU C library defines this for functions which it implements
|     to always fail with ENOSYS.  Some functions are actually named
|     something starting with __ and the normal name is an alias.  */
| #if defined __stub__doprnt || defined __stub____doprnt
| choke me
| #endif
| 
| int
| main ()
| {
| return _doprnt ();
|   ;
|   return 0;
| }
configure:12674: result: no
configure:12688: checking for strdup
configure:12688: gcc -o conftest -mfpmath=sse -msse2 -DUSE_SSE -O3 -fomit-frame-pointer -ffast-math -Winline -std=c99    conftest.c  >&5
configure:12688: $? = 0
configure:12688: result: yes
configure:12688: checking for strerror
configure:12688: gcc -o conftest -mfpmath=sse -msse2 -DUSE_SSE -O3 -fomit-frame-pointer -ffast-math -Winline -std=c99    conftest.c  >&5
configure:12688: $? = 0
configure:12688: result: yes
configure:12688: checking for strtol
configure:12688: gcc -o conftest -mfpmath=sse -msse2 -DUSE_SSE -O3 -fomit-frame-pointer -ffast-math -Winline -std=c99    conftest.c  >&5
configure:12688: $? = 0
configure:12688: result: yes
configure:12688: checking for strtoul
configure:12688: gcc -o conftest -mfpmath=sse -msse2 -DUSE_SSE -O3 -fomit-frame-pointer -ffast-math -Winline -std=c99    conftest.c  >&5
configure:12688: $? = 0
configure:12688: result: yes
configure:12698: checking for rand in -lm
configure:12723: gcc -o conftest -mfpmath=sse -msse2 -DUSE_SSE -O3 -fomit-frame-pointer -ffast-math -Winline -std=c99    conftest.c -lm   >&5
configure:12723: $? = 0
configure:12732: result: yes
configure:12751: checking for lbfgs in -llbfgs
configure:12776: gcc -o conftest -mfpmath=sse -msse2 -DUSE_SSE -O3 -fomit-frame-pointer -ffast-math -Winline -std=c99    -L/home/truong-d/CloudStation/work/openvtalk/build/liblbfgs-1.10/installed//lib conftest.c -llbfgs  -lm  >&5
configure:12776: $? = 0
configure:12785: result: yes
configure:12914: checking that generated files are newer than configure
configure:12920: result: done
configure:12947: creating ./config.status

## ---------------------- ##
## Running config.status. ##
## ---------------------- ##

This file was extended by config.status, which was
generated by GNU Autoconf 2.69.  Invocation command line was

  CONFIG_FILES    = 
  CONFIG_HEADERS  = 
  CONFIG_LINKS    = 
  CONFIG_COMMANDS = 
  $ ./config.status 

on truongd-XPS13-9333

config.status:1123: creating Makefile
config.status:1123: creating genbinary.sh
config.status:1123: creating include/Makefile
config.status:1123: creating lib/cqdb/Makefile
config.status:1123: creating lib/crf/Makefile
config.status:1123: creating frontend/Makefile
config.status:1123: creating swig/Makefile
config.status:1123: creating swig/perl/Makefile.PL
config.status:1123: creating config.h
config.status:1304: config.h is unchanged
config.status:1352: executing depfiles commands
config.status:1352: executing libtool commands

## ---------------- ##
## Cache variables. ##
## ---------------- ##

ac_cv_build=x86_64-unknown-linux-gnu
ac_cv_c_compiler_gnu=yes
ac_cv_c_const=yes
ac_cv_env_CC_set=
ac_cv_env_CC_value=
ac_cv_env_CFLAGS_set=
ac_cv_env_CFLAGS_value=
ac_cv_env_CPPFLAGS_set=
ac_cv_env_CPPFLAGS_value=
ac_cv_env_CPP_set=
ac_cv_env_CPP_value=
ac_cv_env_LDFLAGS_set=
ac_cv_env_LDFLAGS_value=
ac_cv_env_LIBS_set=
ac_cv_env_LIBS_value=
ac_cv_env_build_alias_set=
ac_cv_env_build_alias_value=
ac_cv_env_host_alias_set=
ac_cv_env_host_alias_value=
ac_cv_env_target_alias_set=
ac_cv_env_target_alias_value=
ac_cv_func__doprnt=no
ac_cv_func_alloca_works=yes
ac_cv_func_memcmp_working=yes
ac_cv_func_strdup=yes
ac_cv_func_strerror=yes
ac_cv_func_strtol=yes
ac_cv_func_strtoul=yes
ac_cv_func_vprintf=yes
ac_cv_header_dlfcn_h=yes
ac_cv_header_fcntl_h=yes
ac_cv_header_inttypes_h=yes
ac_cv_header_limits_h=yes
ac_cv_header_malloc_h=yes
ac_cv_header_memory_h=yes
ac_cv_header_minix_config_h=no
ac_cv_header_stdc=yes
ac_cv_header_stdint_h=yes
ac_cv_header_stdlib_h=yes
ac_cv_header_string_h=yes
ac_cv_header_strings_h=yes
ac_cv_header_sys_stat_h=yes
ac_cv_header_sys_types_h=yes
ac_cv_header_unistd_h=yes
ac_cv_host=x86_64-unknown-linux-gnu
ac_cv_lib_lbfgs_lbfgs=yes
ac_cv_lib_m_rand=yes
ac_cv_objext=o
ac_cv_path_EGREP='/bin/grep -E'
ac_cv_path_FGREP='/bin/grep -F'
ac_cv_path_GREP=/bin/grep
ac_cv_path_SED=/bin/sed
ac_cv_path_install='/usr/bin/install -c'
ac_cv_path_mkdir=/bin/mkdir
ac_cv_prog_AWK=gawk
ac_cv_prog_CPP='gcc -E'
ac_cv_prog_ac_ct_AR=ar
ac_cv_prog_ac_ct_CC=gcc
ac_cv_prog_ac_ct_MANIFEST_TOOL=mt
ac_cv_prog_ac_ct_OBJDUMP=objdump
ac_cv_prog_ac_ct_RANLIB=ranlib
ac_cv_prog_ac_ct_STRIP=strip
ac_cv_prog_cc_c89=
ac_cv_prog_cc_g=yes
ac_cv_prog_make_make_set=yes
ac_cv_safe_to_define___extensions__=yes
ac_cv_search_strerror='none required'
ac_cv_sizeof_=0
ac_cv_sizeof_int=4
ac_cv_sizeof_long=8
ac_cv_sizeof_short=2
ac_cv_sizeof_unsigned_int=4
ac_cv_sizeof_unsigned_long=8
ac_cv_sizeof_unsigned_short=2
ac_cv_struct_tm=time.h
ac_cv_type_size_t=yes
ac_cv_type_uint16_t=yes
ac_cv_type_uint32_t=yes
ac_cv_type_uint8_t=yes
ac_cv_working_alloca_h=yes
am_cv_CC_dependencies_compiler_type=gcc3
am_cv_make_support_nested_variables=yes
am_cv_prog_cc_c_o=yes
lt_cv_ar_at_file=@
lt_cv_archive_cmds_need_lc=no
lt_cv_deplibs_check_method=pass_all
lt_cv_file_magic_cmd='$MAGIC_CMD'
lt_cv_file_magic_test_file=
lt_cv_ld_reload_flag=-r
lt_cv_nm_interface='BSD nm'
lt_cv_objdir=.libs
lt_cv_path_LD=/usr/bin/ld
lt_cv_path_NM='/usr/bin/nm -B'
lt_cv_path_mainfest_tool=no
lt_cv_prog_compiler_c_o=yes
lt_cv_prog_compiler_pic='-fPIC -DPIC'
lt_cv_prog_compiler_pic_works=yes
lt_cv_prog_compiler_rtti_exceptions=no
lt_cv_prog_compiler_static_works=yes
lt_cv_prog_gnu_ld=yes
lt_cv_sharedlib_from_linklib_cmd='printf %s\n'
lt_cv_shlibpath_overrides_runpath=no
lt_cv_sys_global_symbol_pipe='sed -n -e '\''s/^.*[	 ]\([ABCDGIRSTW][ABCDGIRSTW]*\)[	 ][	 ]*\([_A-Za-z][_A-Za-z0-9]*\)$/\1 \2 \2/p'\'' | sed '\''/ __gnu_lto/d'\'''
lt_cv_sys_global_symbol_to_c_name_address='sed -n -e '\''s/^: \([^ ]*\)[ ]*$/  {\"\1\", (void *) 0},/p'\'' -e '\''s/^[ABCDGIRSTW]* \([^ ]*\) \([^ ]*\)$/  {"\2", (void *) \&\2},/p'\'''
lt_cv_sys_global_symbol_to_c_name_address_lib_prefix='sed -n -e '\''s/^: \([^ ]*\)[ ]*$/  {\"\1\", (void *) 0},/p'\'' -e '\''s/^[ABCDGIRSTW]* \([^ ]*\) \(lib[^ ]*\)$/  {"\2", (void *) \&\2},/p'\'' -e '\''s/^[ABCDGIRSTW]* \([^ ]*\) \([^ ]*\)$/  {"lib\2", (void *) \&\2},/p'\'''
lt_cv_sys_global_symbol_to_cdecl='sed -n -e '\''s/^T .* \(.*\)$/extern int \1();/p'\'' -e '\''s/^[ABCDGIRSTW]* .* \(.*\)$/extern char \1;/p'\'''
lt_cv_sys_max_cmd_len=1572864
lt_cv_to_host_file_cmd=func_convert_file_noop
lt_cv_to_tool_file_cmd=func_convert_file_noop

## ----------------- ##
## Output variables. ##
## ----------------- ##

ACLOCAL='${SHELL} /home/truong-d/CloudStation/work/openvtalk/build/crfsuite/missing aclocal-1.14'
ALLOCA=''
AMDEPBACKSLASH='\'
AMDEP_FALSE='#'
AMDEP_TRUE=''
AMTAR='$${TAR-tar}'
AM_BACKSLASH='\'
AM_DEFAULT_V='$(AM_DEFAULT_VERBOSITY)'
AM_DEFAULT_VERBOSITY='1'
AM_V='$(V)'
AR='ar'
AUTOCONF='${SHELL} /home/truong-d/CloudStation/work/openvtalk/build/crfsuite/missing autoconf'
AUTOHEADER='${SHELL} /home/truong-d/CloudStation/work/openvtalk/build/crfsuite/missing autoheader'
AUTOMAKE='${SHELL} /home/truong-d/CloudStation/work/openvtalk/build/crfsuite/missing automake-1.14'
AWK='gawk'
CC='gcc'
CCDEPMODE='depmode=gcc3'
CFLAGS='-mfpmath=sse -msse2 -DUSE_SSE -O3 -fomit-frame-pointer -ffast-math -Winline -std=c99 '
CPP='gcc -E'
CPPFLAGS=''
CYGPATH_W='echo'
DEFS='-DHAVE_CONFIG_H'
DEPDIR='.deps'
DLLTOOL='false'
DSYMUTIL=''
DUMPBIN=''
ECHO_C=''
ECHO_N='-n'
ECHO_T=''
EGREP='/bin/grep -E'
EXEEXT=''
FGREP='/bin/grep -F'
GREP='/bin/grep'
INCLUDES='-I$(top_srcdir) -I$(top_srcdir)/include -I$(srcdir) -I/home/truong-d/CloudStation/work/openvtalk/build/liblbfgs-1.10/installed//include'
INSTALL_DATA='${INSTALL} -m 644'
INSTALL_PROGRAM='${INSTALL}'
INSTALL_SCRIPT='${INSTALL}'
INSTALL_STRIP_PROGRAM='$(install_sh) -c -s'
LD='/usr/bin/ld -m elf_x86_64'
LDFLAGS=' -L/home/truong-d/CloudStation/work/openvtalk/build/liblbfgs-1.10/installed//lib'
LIBOBJS=''
LIBS='-llbfgs -lm '
LIBTOOL='$(SHELL) $(top_builddir)/libtool'
LIPO=''
LN_S='ln -s'
LTLIBOBJS=''
MAINT='#'
MAINTAINER_MODE_FALSE=''
MAINTAINER_MODE_TRUE='#'
MAKEINFO='${SHELL} /home/truong-d/CloudStation/work/openvtalk/build/crfsuite/missing makeinfo'
MANIFEST_TOOL=':'
MKDIR_P='/bin/mkdir -p'
NM='/usr/bin/nm -B'
NMEDIT=''
OBJDUMP='objdump'
OBJEXT='o'
OTOOL64=''
OTOOL=''
PACKAGE='crfsuite'
PACKAGE_BUGREPORT=''
PACKAGE_NAME=''
PACKAGE_STRING=''
PACKAGE_TARNAME=''
PACKAGE_URL=''
PACKAGE_VERSION=''
PATH_SEPARATOR=':'
RANLIB='ranlib'
SED='/bin/sed'
SET_MAKE=''
SHELL='/bin/bash'
STRIP='strip'
VERSION='0.12'
ac_ct_AR='ar'
ac_ct_CC='gcc'
ac_ct_DUMPBIN=''
am__EXEEXT_FALSE=''
am__EXEEXT_TRUE='#'
am__fastdepCC_FALSE='#'
am__fastdepCC_TRUE=''
am__include='include'
am__isrc=''
am__leading_dot='.'
am__nodep='_no'
am__quote=''
am__tar='$${TAR-tar} chof - "$$tardir"'
am__untar='$${TAR-tar} xf -'
bindir='${exec_prefix}/bin'
build='x86_64-unknown-linux-gnu'
build_alias=''
build_cpu='x86_64'
build_os='linux-gnu'
build_vendor='unknown'
datadir='${datarootdir}'
datarootdir='${prefix}/share'
docdir='${datarootdir}/doc/${PACKAGE}'
dvidir='${docdir}'
exec_prefix='${prefix}'
host='x86_64-unknown-linux-gnu'
host_alias=''
host_cpu='x86_64'
host_os='linux-gnu'
host_vendor='unknown'
htmldir='${docdir}'
includedir='${prefix}/include'
infodir='${datarootdir}/info'
install_sh='${SHELL} /home/truong-d/CloudStation/work/openvtalk/build/crfsuite/install-sh'
libdir='${exec_prefix}/lib'
libexecdir='${exec_prefix}/libexec'
localedir='${datarootdir}/locale'
localstatedir='${prefix}/var'
mandir='${datarootdir}/man'
mkdir_p='$(MKDIR_P)'
oldincludedir='/usr/include'
pdfdir='${docdir}'
prefix='/home/truong-d/CloudStation/work/openvtalk/build/crfsuite/installed'
program_transform_name='s,x,x,'
psdir='${docdir}'
sbindir='${exec_prefix}/sbin'
sharedstatedir='${prefix}/com'
sysconfdir='${prefix}/etc'
target_alias=''

## ----------- ##
## confdefs.h. ##
## ----------- ##

/* confdefs.h */
#define PACKAGE_NAME ""
#define PACKAGE_TARNAME ""
#define PACKAGE_VERSION ""
#define PACKAGE_STRING ""
#define PACKAGE_BUGREPORT ""
#define PACKAGE_URL ""
#define STDC_HEADERS 1
#define HAVE_SYS_TYPES_H 1
#define HAVE_SYS_STAT_H 1
#define HAVE_STDLIB_H 1
#define HAVE_STRING_H 1
#define HAVE_MEMORY_H 1
#define HAVE_STRINGS_H 1
#define HAVE_INTTYPES_H 1
#define HAVE_STDINT_H 1
#define HAVE_UNISTD_H 1
#define __EXTENSIONS__ 1
#define _ALL_SOURCE 1
#define _GNU_SOURCE 1
#define _POSIX_PTHREAD_SEMANTICS 1
#define _TANDEM_SOURCE 1
#define PACKAGE "crfsuite"
#define VERSION "0.12"
#define HAVE_DLFCN_H 1
#define LT_OBJDIR ".libs/"
#define STDC_HEADERS 1
#define HAVE_FCNTL_H 1
#define HAVE_LIMITS_H 1
#define HAVE_MALLOC_H 1
#define HAVE_STRINGS_H 1
#define HAVE_UNISTD_H 1
#define HAVE_STDINT_H 1
#define SIZEOF_ 0
#define SIZEOF_SHORT 2
#define SIZEOF_UNSIGNED_SHORT 2
#define SIZEOF_INT 4
#define SIZEOF_UNSIGNED_INT 4
#define SIZEOF_LONG 8
#define SIZEOF_UNSIGNED_LONG 8
#define HAVE_UINT8_T 1
#define HAVE_UINT16_T 1
#define HAVE_UINT32_T 1
#define HAVE_ALLOCA_H 1
#define HAVE_ALLOCA 1
#define HAVE_VPRINTF 1
#define HAVE_STRDUP 1
#define HAVE_STRERROR 1
#define HAVE_STRTOL 1
#define HAVE_STRTOUL 1
#define HAVE_LIBM 1
#define HAVE_LIBLBFGS 1

configure: exit 0
